{"C:\\Projects\\Public\\BarberEase\\server\\app.js": {"path":"C:\\Projects\\Public\\BarberEase\\server\\app.js","statementMap":{"0":{"start":{"line":1,"column":16},"end":{"line":1,"column":34}},"1":{"start":{"line":2,"column":13},"end":{"line":2,"column":28}},"2":{"start":{"line":3,"column":17},"end":{"line":3,"column":36}},"3":{"start":{"line":4,"column":23},"end":{"line":4,"column":51}},"4":{"start":{"line":5,"column":22},"end":{"line":5,"column":49}},"5":{"start":{"line":7,"column":12},"end":{"line":7,"column":21}},"6":{"start":{"line":9,"column":0},"end":{"line":9,"column":16}},"7":{"start":{"line":10,"column":0},"end":{"line":10,"column":24}},"8":{"start":{"line":13,"column":0},"end":{"line":18,"column":32}},"9":{"start":{"line":17,"column":12},"end":{"line":17,"column":47}},"10":{"start":{"line":18,"column":14},"end":{"line":18,"column":30}},"11":{"start":{"line":21,"column":0},"end":{"line":21,"column":41}},"12":{"start":{"line":22,"column":0},"end":{"line":22,"column":39}},"13":{"start":{"line":25,"column":0},"end":{"line":27,"column":3}},"14":{"start":{"line":26,"column":2},"end":{"line":26,"column":33}},"15":{"start":{"line":29,"column":0},"end":{"line":29,"column":21}}},"fnMap":{"0":{"name":"(anonymous_0)","decl":{"start":{"line":17,"column":6},"end":{"line":17,"column":7}},"loc":{"start":{"line":17,"column":12},"end":{"line":17,"column":47}},"line":17},"1":{"name":"(anonymous_1)","decl":{"start":{"line":18,"column":7},"end":{"line":18,"column":8}},"loc":{"start":{"line":18,"column":14},"end":{"line":18,"column":30}},"line":18},"2":{"name":"(anonymous_2)","decl":{"start":{"line":25,"column":13},"end":{"line":25,"column":14}},"loc":{"start":{"line":25,"column":27},"end":{"line":27,"column":1}},"line":25}},"branchMap":{},"s":{"0":1,"1":1,"2":1,"3":1,"4":1,"5":1,"6":1,"7":1,"8":1,"9":1,"10":0,"11":1,"12":1,"13":1,"14":0,"15":1},"f":{"0":1,"1":0,"2":0},"b":{},"_coverageSchema":"1a1c01bbd47fc00a2c39e90264f33305004495a9","hash":"c47b0ff2d6d5d9ec5f881e0f1efcf317bf00d3e9"}
,"C:\\Projects\\Public\\BarberEase\\server\\models\\Barber.js": {"path":"C:\\Projects\\Public\\BarberEase\\server\\models\\Barber.js","statementMap":{"0":{"start":{"line":1,"column":17},"end":{"line":1,"column":36}},"1":{"start":{"line":3,"column":21},"end":{"line":14,"column":2}},"2":{"start":{"line":16,"column":0},"end":{"line":16,"column":56}}},"fnMap":{},"branchMap":{},"s":{"0":1,"1":1,"2":1},"f":{},"b":{},"_coverageSchema":"1a1c01bbd47fc00a2c39e90264f33305004495a9","hash":"9fb56a021141f907efcda5251b1d60f06daf3957"}
,"C:\\Projects\\Public\\BarberEase\\server\\models\\Booking.js": {"path":"C:\\Projects\\Public\\BarberEase\\server\\models\\Booking.js","statementMap":{"0":{"start":{"line":1,"column":17},"end":{"line":1,"column":36}},"1":{"start":{"line":3,"column":22},"end":{"line":35,"column":2}},"2":{"start":{"line":37,"column":0},"end":{"line":37,"column":58}}},"fnMap":{},"branchMap":{},"s":{"0":1,"1":1,"2":1},"f":{},"b":{},"_coverageSchema":"1a1c01bbd47fc00a2c39e90264f33305004495a9","hash":"ed2ada43a8c60daf5a45043d977dd2d00cbba390"}
,"C:\\Projects\\Public\\BarberEase\\server\\routes\\barbers.js": {"path":"C:\\Projects\\Public\\BarberEase\\server\\routes\\barbers.js","statementMap":{"0":{"start":{"line":1,"column":16},"end":{"line":1,"column":34}},"1":{"start":{"line":2,"column":15},"end":{"line":2,"column":42}},"2":{"start":{"line":3,"column":15},"end":{"line":3,"column":31}},"3":{"start":{"line":6,"column":0},"end":{"line":13,"column":3}},"4":{"start":{"line":7,"column":4},"end":{"line":12,"column":5}},"5":{"start":{"line":8,"column":24},"end":{"line":8,"column":43}},"6":{"start":{"line":9,"column":8},"end":{"line":9,"column":54}},"7":{"start":{"line":11,"column":8},"end":{"line":11,"column":54}},"8":{"start":{"line":16,"column":0},"end":{"line":26,"column":3}},"9":{"start":{"line":17,"column":4},"end":{"line":25,"column":5}},"10":{"start":{"line":18,"column":23},"end":{"line":18,"column":65}},"11":{"start":{"line":19,"column":8},"end":{"line":21,"column":9}},"12":{"start":{"line":20,"column":12},"end":{"line":20,"column":69}},"13":{"start":{"line":22,"column":8},"end":{"line":22,"column":95}},"14":{"start":{"line":24,"column":8},"end":{"line":24,"column":54}},"15":{"start":{"line":29,"column":0},"end":{"line":43,"column":3}},"16":{"start":{"line":30,"column":21},"end":{"line":30,"column":29}},"17":{"start":{"line":32,"column":4},"end":{"line":42,"column":5}},"18":{"start":{"line":33,"column":26},"end":{"line":36,"column":10}},"19":{"start":{"line":38,"column":28},"end":{"line":38,"column":50}},"20":{"start":{"line":39,"column":8},"end":{"line":39,"column":57}},"21":{"start":{"line":41,"column":8},"end":{"line":41,"column":54}},"22":{"start":{"line":45,"column":0},"end":{"line":45,"column":24}}},"fnMap":{"0":{"name":"(anonymous_0)","decl":{"start":{"line":6,"column":16},"end":{"line":6,"column":17}},"loc":{"start":{"line":6,"column":36},"end":{"line":13,"column":1}},"line":6},"1":{"name":"(anonymous_1)","decl":{"start":{"line":16,"column":38},"end":{"line":16,"column":39}},"loc":{"start":{"line":16,"column":58},"end":{"line":26,"column":1}},"line":16},"2":{"name":"(anonymous_2)","decl":{"start":{"line":29,"column":17},"end":{"line":29,"column":18}},"loc":{"start":{"line":29,"column":37},"end":{"line":43,"column":1}},"line":29}},"branchMap":{"0":{"loc":{"start":{"line":19,"column":8},"end":{"line":21,"column":9}},"type":"if","locations":[{"start":{"line":19,"column":8},"end":{"line":21,"column":9}},{"start":{},"end":{}}],"line":19}},"s":{"0":1,"1":1,"2":1,"3":1,"4":0,"5":0,"6":0,"7":0,"8":1,"9":0,"10":0,"11":0,"12":0,"13":0,"14":0,"15":1,"16":0,"17":0,"18":0,"19":0,"20":0,"21":0,"22":1},"f":{"0":0,"1":0,"2":0},"b":{"0":[0,0]},"_coverageSchema":"1a1c01bbd47fc00a2c39e90264f33305004495a9","hash":"50ff5392f6d690e7467b4d80d9c3aea691813aea"}
,"C:\\Projects\\Public\\BarberEase\\server\\routes\\bookings.js": {"path":"C:\\Projects\\Public\\BarberEase\\server\\routes\\bookings.js","statementMap":{"0":{"start":{"line":1,"column":16},"end":{"line":1,"column":34}},"1":{"start":{"line":2,"column":16},"end":{"line":2,"column":44}},"2":{"start":{"line":3,"column":15},"end":{"line":3,"column":42}},"3":{"start":{"line":4,"column":15},"end":{"line":4,"column":31}},"4":{"start":{"line":7,"column":0},"end":{"line":14,"column":3}},"5":{"start":{"line":8,"column":4},"end":{"line":13,"column":5}},"6":{"start":{"line":9,"column":25},"end":{"line":9,"column":45}},"7":{"start":{"line":10,"column":8},"end":{"line":10,"column":56}},"8":{"start":{"line":12,"column":8},"end":{"line":12,"column":54}},"9":{"start":{"line":17,"column":0},"end":{"line":85,"column":3}},"10":{"start":{"line":26,"column":8},"end":{"line":26,"column":16}},"11":{"start":{"line":28,"column":4},"end":{"line":84,"column":5}},"12":{"start":{"line":29,"column":8},"end":{"line":29,"column":28}},"13":{"start":{"line":31,"column":33},"end":{"line":31,"column":47}},"14":{"start":{"line":32,"column":8},"end":{"line":32,"column":49}},"15":{"start":{"line":34,"column":27},"end":{"line":42,"column":10}},"16":{"start":{"line":44,"column":29},"end":{"line":44,"column":39}},"17":{"start":{"line":47,"column":23},"end":{"line":47,"column":54}},"18":{"start":{"line":48,"column":38},"end":{"line":48,"column":132}},"19":{"start":{"line":48,"column":72},"end":{"line":48,"column":131}},"20":{"start":{"line":50,"column":8},"end":{"line":79,"column":9}},"21":{"start":{"line":51,"column":30},"end":{"line":51,"column":75}},"22":{"start":{"line":52,"column":12},"end":{"line":59,"column":13}},"23":{"start":{"line":53,"column":16},"end":{"line":53,"column":65}},"24":{"start":{"line":54,"column":16},"end":{"line":54,"column":40}},"25":{"start":{"line":55,"column":16},"end":{"line":55,"column":36}},"26":{"start":{"line":57,"column":16},"end":{"line":57,"column":37}},"27":{"start":{"line":62,"column":33},"end":{"line":62,"column":113}},"28":{"start":{"line":65,"column":36},"end":{"line":65,"column":66}},"29":{"start":{"line":66,"column":12},"end":{"line":68,"column":13}},"30":{"start":{"line":67,"column":16},"end":{"line":67,"column":56}},"31":{"start":{"line":71,"column":12},"end":{"line":74,"column":15}},"32":{"start":{"line":76,"column":12},"end":{"line":76,"column":36}},"33":{"start":{"line":78,"column":12},"end":{"line":78,"column":32}},"34":{"start":{"line":81,"column":8},"end":{"line":81,"column":67}},"35":{"start":{"line":83,"column":8},"end":{"line":83,"column":54}},"36":{"start":{"line":88,"column":0},"end":{"line":119,"column":3}},"37":{"start":{"line":97,"column":8},"end":{"line":97,"column":16}},"38":{"start":{"line":99,"column":4},"end":{"line":118,"column":5}},"39":{"start":{"line":100,"column":22},"end":{"line":100,"column":59}},"40":{"start":{"line":102,"column":8},"end":{"line":104,"column":9}},"41":{"start":{"line":103,"column":12},"end":{"line":103,"column":70}},"42":{"start":{"line":106,"column":8},"end":{"line":106,"column":44}},"43":{"start":{"line":107,"column":8},"end":{"line":107,"column":46}},"44":{"start":{"line":108,"column":8},"end":{"line":108,"column":46}},"45":{"start":{"line":109,"column":8},"end":{"line":109,"column":36}},"46":{"start":{"line":110,"column":8},"end":{"line":110,"column":28}},"47":{"start":{"line":111,"column":8},"end":{"line":111,"column":36}},"48":{"start":{"line":112,"column":8},"end":{"line":112,"column":34}},"49":{"start":{"line":114,"column":31},"end":{"line":114,"column":51}},"50":{"start":{"line":115,"column":8},"end":{"line":115,"column":61}},"51":{"start":{"line":117,"column":8},"end":{"line":117,"column":54}},"52":{"start":{"line":122,"column":0},"end":{"line":135,"column":3}},"53":{"start":{"line":123,"column":4},"end":{"line":134,"column":5}},"54":{"start":{"line":124,"column":24},"end":{"line":124,"column":61}},"55":{"start":{"line":126,"column":8},"end":{"line":128,"column":9}},"56":{"start":{"line":127,"column":12},"end":{"line":127,"column":70}},"57":{"start":{"line":130,"column":8},"end":{"line":130,"column":31}},"58":{"start":{"line":131,"column":8},"end":{"line":131,"column":45}},"59":{"start":{"line":133,"column":8},"end":{"line":133,"column":54}},"60":{"start":{"line":137,"column":0},"end":{"line":137,"column":24}}},"fnMap":{"0":{"name":"(anonymous_0)","decl":{"start":{"line":7,"column":16},"end":{"line":7,"column":17}},"loc":{"start":{"line":7,"column":36},"end":{"line":14,"column":1}},"line":7},"1":{"name":"(anonymous_1)","decl":{"start":{"line":17,"column":17},"end":{"line":17,"column":18}},"loc":{"start":{"line":17,"column":37},"end":{"line":85,"column":1}},"line":17},"2":{"name":"(anonymous_2)","decl":{"start":{"line":48,"column":63},"end":{"line":48,"column":64}},"loc":{"start":{"line":48,"column":72},"end":{"line":48,"column":131}},"line":48},"3":{"name":"(anonymous_3)","decl":{"start":{"line":88,"column":19},"end":{"line":88,"column":20}},"loc":{"start":{"line":88,"column":39},"end":{"line":119,"column":1}},"line":88},"4":{"name":"(anonymous_4)","decl":{"start":{"line":122,"column":22},"end":{"line":122,"column":23}},"loc":{"start":{"line":122,"column":42},"end":{"line":135,"column":1}},"line":122}},"branchMap":{"0":{"loc":{"start":{"line":50,"column":8},"end":{"line":79,"column":9}},"type":"if","locations":[{"start":{"line":50,"column":8},"end":{"line":79,"column":9}},{"start":{"line":60,"column":15},"end":{"line":79,"column":9}}],"line":50},"1":{"loc":{"start":{"line":52,"column":12},"end":{"line":59,"column":13}},"type":"if","locations":[{"start":{"line":52,"column":12},"end":{"line":59,"column":13}},{"start":{"line":56,"column":19},"end":{"line":59,"column":13}}],"line":52},"2":{"loc":{"start":{"line":66,"column":12},"end":{"line":68,"column":13}},"type":"if","locations":[{"start":{"line":66,"column":12},"end":{"line":68,"column":13}},{"start":{},"end":{}}],"line":66},"3":{"loc":{"start":{"line":102,"column":8},"end":{"line":104,"column":9}},"type":"if","locations":[{"start":{"line":102,"column":8},"end":{"line":104,"column":9}},{"start":{},"end":{}}],"line":102},"4":{"loc":{"start":{"line":126,"column":8},"end":{"line":128,"column":9}},"type":"if","locations":[{"start":{"line":126,"column":8},"end":{"line":128,"column":9}},{"start":{},"end":{}}],"line":126}},"s":{"0":1,"1":1,"2":1,"3":1,"4":1,"5":1,"6":1,"7":1,"8":0,"9":1,"10":0,"11":0,"12":0,"13":0,"14":0,"15":0,"16":0,"17":0,"18":0,"19":0,"20":0,"21":0,"22":0,"23":0,"24":0,"25":0,"26":0,"27":0,"28":0,"29":0,"30":0,"31":0,"32":0,"33":0,"34":0,"35":0,"36":1,"37":0,"38":0,"39":0,"40":0,"41":0,"42":0,"43":0,"44":0,"45":0,"46":0,"47":0,"48":0,"49":0,"50":0,"51":0,"52":1,"53":0,"54":0,"55":0,"56":0,"57":0,"58":0,"59":0,"60":1},"f":{"0":1,"1":0,"2":0,"3":0,"4":0},"b":{"0":[0,0],"1":[0,0],"2":[0,0],"3":[0,0],"4":[0,0]},"_coverageSchema":"1a1c01bbd47fc00a2c39e90264f33305004495a9","hash":"1c1759a566d4fbf6396ad39929aabf9e9d7e28b3"}
}
